# JRE version: OpenJDK Runtime Environment Temurin-21.0.10+7 (21.0.10+7) (build 21.0.10+7-LTS)
# Java VM: OpenJDK 64-Bit Server VM Temurin-21.0.10+7 (21.0.10+7-LTS, mixed mode, sharing, tiered, compressed oops, compressed class ptrs, parallel gc, windows-amd64)
GC Precious Log:
 CardTable entry size: 512
 CPUs: 2 total, 2 available
 Memory: 3460M
 Large Page Support: Disabled
 NUMA Support: Disabled
 Compressed Oops: Enabled (32-bit)
 Alignments: Space 512K, Generation 512K, Heap 2M
 Heap Min Capacity: 100M
 Heap Initial Capacity: 100M
 Heap Max Capacity: 2G
 Pre-touch: Disabled
 Parallel Workers: 2
Heap:
 PSYoungGen      total 2048K, used 1519K [0x00000000d5580000, 0x00000000d5880000, 0x0000000100000000)
  eden space 1536K, 88% used [0x00000000d5580000,0x00000000d56d3c28,0x00000000d5700000)
  from space 512K, 31% used [0x00000000d5780000,0x00000000d57a8000,0x00000000d5800000)
  to   space 512K, 0% used [0x00000000d5800000,0x00000000d5800000,0x00000000d5880000)
 ParOldGen       total 299008K, used 72719K [0x0000000080000000, 0x0000000092400000, 0x00000000d5580000)
  object space 299008K, 24% used [0x0000000080000000,0x0000000084703f48,0x0000000092400000)
 Metaspace       used 84395K, committed 86208K, reserved 1179648K
  class space    used 8885K, committed 9664K, reserved 1048576K
GC Heap History (20 events):
Event: 624.584 GC heap before
{Heap before GC invocations=480 (full 4):
 PSYoungGen      total 2048K, used 1600K [0x00000000d5580000, 0x00000000d5880000, 0x0000000100000000)
  eden space 1536K, 100% used [0x00000000d5580000,0x00000000d5700000,0x00000000d5700000)
  from space 512K, 12% used [0x00000000d5780000,0x00000000d5790000,0x00000000d5800000)
  to   space 512K, 0% used [0x00000000d5800000,0x00000000d5800000,0x00000000d5880000)
 ParOldGen       total 299008K, used 71488K [0x0000000080000000, 0x0000000092400000, 0x00000000d5580000)
  object space 299008K, 23% used [0x0000000080000000,0x00000000845d0150,0x0000000092400000)
 Metaspace       used 82953K, committed 84736K, reserved 1179648K
  class space    used 8683K, committed 9472K, reserved 1048576K
}
Event: 624.585 GC heap after
{Heap after GC invocations=480 (full 4):
 PSYoungGen      total 2048K, used 96K [0x00000000d5580000, 0x00000000d5880000, 0x0000000100000000)
  eden space 1536K, 0% used [0x00000000d5580000,0x00000000d5580000,0x00000000d5700000)
  from space 512K, 18% used [0x00000000d5800000,0x00000000d5818000,0x00000000d5880000)
  to   space 512K, 0% used [0x00000000d5780000,0x00000000d5780000,0x00000000d5800000)
 ParOldGen       total 299008K, used 71520K [0x0000000080000000, 0x0000000092400000, 0x00000000d5580000)
  object space 299008K, 23% used [0x0000000080000000,0x00000000845d8150,0x0000000092400000)
 Metaspace       used 82953K, committed 84736K, reserved 1179648K
  class space    used 8683K, committed 9472K, reserved 1048576K
}
Event: 624.719 GC heap before
{Heap before GC invocations=481 (full 4):
 PSYoungGen      total 2048K, used 1612K [0x00000000d5580000, 0x00000000d5880000, 0x0000000100000000)
  eden space 1536K, 98% used [0x00000000d5580000,0x00000000d56fb3b8,0x00000000d5700000)
  from space 512K, 18% used [0x00000000d5800000,0x00000000d5818000,0x00000000d5880000)
  to   space 512K, 0% used [0x00000000d5780000,0x00000000d5780000,0x00000000d5800000)
 ParOldGen       total 299008K, used 71520K [0x0000000080000000, 0x0000000092400000, 0x00000000d5580000)
  object space 299008K, 23% used [0x0000000080000000,0x00000000845d8150,0x0000000092400000)
 Metaspace       used 83238K, committed 85056K, reserved 1179648K
  class space    used 8716K, committed 9472K, reserved 1048576K
}
Event: 624.721 GC heap after
{Heap after GC invocations=481 (full 4):
 PSYoungGen      total 2048K, used 154K [0x00000000d5580000, 0x00000000d5880000, 0x0000000100000000)
  eden space 1536K, 0% used [0x00000000d5580000,0x00000000d5580000,0x00000000d5700000)
  from space 512K, 30% used [0x00000000d5780000,0x00000000d57a68b0,0x00000000d5800000)
  to   space 512K, 0% used [0x00000000d5800000,0x00000000d5800000,0x00000000d5880000)
 ParOldGen       total 299008K, used 71592K [0x0000000080000000, 0x0000000092400000, 0x00000000d5580000)
  object space 299008K, 23% used [0x0000000080000000,0x00000000845ea150,0x0000000092400000)
 Metaspace       used 83238K, committed 85056K, reserved 1179648K
  class space    used 8716K, committed 9472K, reserved 1048576K
}
Event: 624.837 GC heap before
{Heap before GC invocations=482 (full 4):
 PSYoungGen      total 2048K, used 1690K [0x00000000d5580000, 0x00000000d5880000, 0x0000000100000000)
  eden space 1536K, 100% used [0x00000000d5580000,0x00000000d5700000,0x00000000d5700000)
  from space 512K, 30% used [0x00000000d5780000,0x00000000d57a68b0,0x00000000d5800000)
  to   space 512K, 0% used [0x00000000d5800000,0x00000000d5800000,0x00000000d5880000)
 ParOldGen       total 299008K, used 71592K [0x0000000080000000, 0x0000000092400000, 0x00000000d5580000)
  object space 299008K, 23% used [0x0000000080000000,0x00000000845ea150,0x0000000092400000)
 Metaspace       used 83719K, committed 85568K, reserved 1179648K
  class space    used 8773K, committed 9536K, reserved 1048576K
}
Event: 624.840 GC heap after
{Heap after GC invocations=482 (full 4):
 PSYoungGen      total 2048K, used 96K [0x00000000d5580000, 0x00000000d5880000, 0x0000000100000000)
  eden space 1536K, 0% used [0x00000000d5580000,0x00000000d5580000,0x00000000d5700000)
  from space 512K, 18% used [0x00000000d5800000,0x00000000d5818000,0x00000000d5880000)
  to   space 512K, 0% used [0x00000000d5780000,0x00000000d5780000,0x00000000d5800000)
 ParOldGen       total 299008K, used 71624K [0x0000000080000000, 0x0000000092400000, 0x00000000d5580000)
  object space 299008K, 23% used [0x0000000080000000,0x00000000845f2150,0x0000000092400000)
 Metaspace       used 83719K, committed 85568K, reserved 1179648K
  class space    used 8773K, committed 9536K, reserved 1048576K
}
Event: 625.228 GC heap before
{Heap before GC invocations=483 (full 4):
 PSYoungGen      total 2048K, used 1631K [0x00000000d5580000, 0x00000000d5880000, 0x0000000100000000)
  eden space 1536K, 99% used [0x00000000d5580000,0x00000000d56ffff8,0x00000000d5700000)
  from space 512K, 18% used [0x00000000d5800000,0x00000000d5818000,0x00000000d5880000)
  to   space 512K, 0% used [0x00000000d5780000,0x00000000d5780000,0x00000000d5800000)
 ParOldGen       total 299008K, used 71624K [0x0000000080000000, 0x0000000092400000, 0x00000000d5580000)
  object space 299008K, 23% used [0x0000000080000000,0x00000000845f2150,0x0000000092400000)
 Metaspace       used 83971K, committed 85824K, reserved 1179648K
  class space    used 8820K, committed 9600K, reserved 1048576K
}
Event: 625.229 GC heap after
{Heap after GC invocations=483 (full 4):
 PSYoungGen      total 2048K, used 96K [0x00000000d5580000, 0x00000000d5880000, 0x0000000100000000)
  eden space 1536K, 0% used [0x00000000d5580000,0x00000000d5580000,0x00000000d5700000)
  from space 512K, 18% used [0x00000000d5780000,0x00000000d5798000,0x00000000d5800000)
  to   space 512K, 0% used [0x00000000d5800000,0x00000000d5800000,0x00000000d5880000)
 ParOldGen       total 299008K, used 71680K [0x0000000080000000, 0x0000000092400000, 0x00000000d5580000)
  object space 299008K, 23% used [0x0000000080000000,0x0000000084600150,0x0000000092400000)
 Metaspace       used 83971K, committed 85824K, reserved 1179648K
  class space    used 8820K, committed 9600K, reserved 1048576K
}
Event: 625.569 GC heap before
{Heap before GC invocations=484 (full 4):
 PSYoungGen      total 2048K, used 1624K [0x00000000d5580000, 0x00000000d5880000, 0x0000000100000000)
  eden space 1536K, 99% used [0x00000000d5580000,0x00000000d56fe138,0x00000000d5700000)
  from space 512K, 18% used [0x00000000d5780000,0x00000000d5798000,0x00000000d5800000)
  to   space 512K, 0% used [0x00000000d5800000,0x00000000d5800000,0x00000000d5880000)
 ParOldGen       total 299008K, used 71691K [0x0000000080000000, 0x0000000092400000, 0x00000000d5580000)
  object space 299008K, 23% used [0x0000000080000000,0x0000000084602d98,0x0000000092400000)
 Metaspace       used 84267K, committed 86080K, reserved 1179648K
  class space    used 8859K, committed 9600K, reserved 1048576K
}
Event: 625.571 GC heap after
{Heap after GC invocations=484 (full 4):
 PSYoungGen      total 2048K, used 187K [0x00000000d5580000, 0x00000000d5880000, 0x0000000100000000)
  eden space 1536K, 0% used [0x00000000d5580000,0x00000000d5580000,0x00000000d5700000)
  from space 512K, 36% used [0x00000000d5800000,0x00000000d582ee50,0x00000000d5880000)
  to   space 512K, 0% used [0x00000000d5780000,0x00000000d5780000,0x00000000d5800000)
 ParOldGen       total 299008K, used 71747K [0x0000000080000000, 0x0000000092400000, 0x00000000d5580000)
  object space 299008K, 23% used [0x0000000080000000,0x0000000084610d98,0x0000000092400000)
 Metaspace       used 84267K, committed 86080K, reserved 1179648K
  class space    used 8859K, committed 9600K, reserved 1048576K
}
Event: 629.480 GC heap before
{Heap before GC invocations=485 (full 4):
 PSYoungGen      total 2048K, used 1723K [0x00000000d5580000, 0x00000000d5880000, 0x0000000100000000)
  eden space 1536K, 100% used [0x00000000d5580000,0x00000000d5700000,0x00000000d5700000)
  from space 512K, 36% used [0x00000000d5800000,0x00000000d582ee50,0x00000000d5880000)
  to   space 512K, 0% used [0x00000000d5780000,0x00000000d5780000,0x00000000d5800000)
 ParOldGen       total 299008K, used 71750K [0x0000000080000000, 0x0000000092400000, 0x00000000d5580000)
  object space 299008K, 23% used [0x0000000080000000,0x0000000084611810,0x0000000092400000)
 Metaspace       used 84391K, committed 86208K, reserved 1179648K
  class space    used 8885K, committed 9664K, reserved 1048576K
}
Event: 629.506 GC heap after
{Heap after GC invocations=485 (full 4):
 PSYoungGen      total 2048K, used 334K [0x00000000d5580000, 0x00000000d5880000, 0x0000000100000000)
  eden space 1536K, 0% used [0x00000000d5580000,0x00000000d5580000,0x00000000d5700000)
  from space 512K, 65% used [0x00000000d5780000,0x00000000d57d3b40,0x00000000d5800000)
  to   space 512K, 0% used [0x00000000d5800000,0x00000000d5800000,0x00000000d5880000)
 ParOldGen       total 299008K, used 71873K [0x0000000080000000, 0x0000000092400000, 0x00000000d5580000)
  object space 299008K, 24% used [0x0000000080000000,0x0000000084630660,0x0000000092400000)
 Metaspace       used 84391K, committed 86208K, reserved 1179648K
  class space    used 8885K, committed 9664K, reserved 1048576K
}
Event: 629.845 GC heap before
{Heap before GC invocations=486 (full 4):
 PSYoungGen      total 2048K, used 1870K [0x00000000d5580000, 0x00000000d5880000, 0x0000000100000000)
  eden space 1536K, 100% used [0x00000000d5580000,0x00000000d5700000,0x00000000d5700000)
  from space 512K, 65% used [0x00000000d5780000,0x00000000d57d3b40,0x00000000d5800000)
  to   space 512K, 0% used [0x00000000d5800000,0x00000000d5800000,0x00000000d5880000)
 ParOldGen       total 299008K, used 71873K [0x0000000080000000, 0x0000000092400000, 0x00000000d5580000)
  object space 299008K, 24% used [0x0000000080000000,0x0000000084630660,0x0000000092400000)
 Metaspace       used 84392K, committed 86208K, reserved 1179648K
  class space    used 8885K, committed 9664K, reserved 1048576K
}
Event: 629.864 GC heap after
{Heap after GC invocations=486 (full 4):
 PSYoungGen      total 2048K, used 160K [0x00000000d5580000, 0x00000000d5880000, 0x0000000100000000)
  eden space 1536K, 0% used [0x00000000d5580000,0x00000000d5580000,0x00000000d5700000)
  from space 512K, 31% used [0x00000000d5800000,0x00000000d5828000,0x00000000d5880000)
  to   space 512K, 0% used [0x00000000d5780000,0x00000000d5780000,0x00000000d5800000)
 ParOldGen       total 299008K, used 72170K [0x0000000080000000, 0x0000000092400000, 0x00000000d5580000)
  object space 299008K, 24% used [0x0000000080000000,0x000000008467aaa0,0x0000000092400000)
 Metaspace       used 84392K, committed 86208K, reserved 1179648K
  class space    used 8885K, committed 9664K, reserved 1048576K
}
Event: 629.971 GC heap before
{Heap before GC invocations=487 (full 4):
 PSYoungGen      total 2048K, used 1696K [0x00000000d5580000, 0x00000000d5880000, 0x0000000100000000)
  eden space 1536K, 100% used [0x00000000d5580000,0x00000000d5700000,0x00000000d5700000)
  from space 512K, 31% used [0x00000000d5800000,0x00000000d5828000,0x00000000d5880000)
  to   space 512K, 0% used [0x00000000d5780000,0x00000000d5780000,0x00000000d5800000)
 ParOldGen       total 299008K, used 72170K [0x0000000080000000, 0x0000000092400000, 0x00000000d5580000)
  object space 299008K, 24% used [0x0000000080000000,0x000000008467aaa0,0x0000000092400000)
 Metaspace       used 84392K, committed 86208K, reserved 1179648K
  class space    used 8885K, committed 9664K, reserved 1048576K
}
Event: 629.977 GC heap after
{Heap after GC invocations=487 (full 4):
 PSYoungGen      total 2048K, used 352K [0x00000000d5580000, 0x00000000d5880000, 0x0000000100000000)
  eden space 1536K, 0% used [0x00000000d5580000,0x00000000d5580000,0x00000000d5700000)
  from space 512K, 68% used [0x00000000d5780000,0x00000000d57d8000,0x00000000d5800000)
  to   space 512K, 0% used [0x00000000d5800000,0x00000000d5800000,0x00000000d5880000)
 ParOldGen       total 299008K, used 72303K [0x0000000080000000, 0x0000000092400000, 0x00000000d5580000)
  object space 299008K, 24% used [0x0000000080000000,0x000000008469bf48,0x0000000092400000)
 Metaspace       used 84392K, committed 86208K, reserved 1179648K
  class space    used 8885K, committed 9664K, reserved 1048576K
}
Event: 630.164 GC heap before
{Heap before GC invocations=488 (full 4):
 PSYoungGen      total 2048K, used 1888K [0x00000000d5580000, 0x00000000d5880000, 0x0000000100000000)
  eden space 1536K, 100% used [0x00000000d5580000,0x00000000d5700000,0x00000000d5700000)
  from space 512K, 68% used [0x00000000d5780000,0x00000000d57d8000,0x00000000d5800000)
  to   space 512K, 0% used [0x00000000d5800000,0x00000000d5800000,0x00000000d5880000)
 ParOldGen       total 299008K, used 72303K [0x0000000080000000, 0x0000000092400000, 0x00000000d5580000)
  object space 299008K, 24% used [0x0000000080000000,0x000000008469bf48,0x0000000092400000)
 Metaspace       used 84392K, committed 86208K, reserved 1179648K
  class space    used 8885K, committed 9664K, reserved 1048576K
}
Event: 630.182 GC heap after
{Heap after GC invocations=488 (full 4):
 PSYoungGen      total 2048K, used 96K [0x00000000d5580000, 0x00000000d5880000, 0x0000000100000000)
  eden space 1536K, 0% used [0x00000000d5580000,0x00000000d5580000,0x00000000d5700000)
  from space 512K, 18% used [0x00000000d5800000,0x00000000d5818000,0x00000000d5880000)
  to   space 512K, 0% used [0x00000000d5780000,0x00000000d5780000,0x00000000d5800000)
 ParOldGen       total 299008K, used 72631K [0x0000000080000000, 0x0000000092400000, 0x00000000d5580000)
  object space 299008K, 24% used [0x0000000080000000,0x00000000846edf48,0x0000000092400000)
 Metaspace       used 84392K, committed 86208K, reserved 1179648K
  class space    used 8885K, committed 9664K, reserved 1048576K
}
Event: 630.202 GC heap before
{Heap before GC invocations=489 (full 4):
 PSYoungGen      total 2048K, used 1632K [0x00000000d5580000, 0x00000000d5880000, 0x0000000100000000)
  eden space 1536K, 100% used [0x00000000d5580000,0x00000000d5700000,0x00000000d5700000)
  from space 512K, 18% used [0x00000000d5800000,0x00000000d5818000,0x00000000d5880000)
  to   space 512K, 0% used [0x00000000d5780000,0x00000000d5780000,0x00000000d5800000)
 ParOldGen       total 299008K, used 72631K [0x0000000080000000, 0x0000000092400000, 0x00000000d5580000)
  object space 299008K, 24% used [0x0000000080000000,0x00000000846edf48,0x0000000092400000)
 Metaspace       used 84392K, committed 86208K, reserved 1179648K
  class space    used 8885K, committed 9664K, reserved 1048576K
}
Event: 630.211 GC heap after
{Heap after GC invocations=489 (full 4):
 PSYoungGen      total 2048K, used 160K [0x00000000d5580000, 0x00000000d5880000, 0x0000000100000000)
  eden space 1536K, 0% used [0x00000000d5580000,0x00000000d5580000,0x00000000d5700000)
  from space 512K, 31% used [0x00000000d5780000,0x00000000d57a8000,0x00000000d5800000)
  to   space 512K, 0% used [0x00000000d5800000,0x00000000d5800000,0x00000000d5880000)
 ParOldGen       total 299008K, used 72719K [0x0000000080000000, 0x0000000092400000, 0x00000000d5580000)
  object space 299008K, 24% used [0x0000000080000000,0x0000000084703f48,0x0000000092400000)
 Metaspace       used 84392K, committed 86208K, reserved 1179648K
  class space    used 8885K, committed 9664K, reserved 1048576K
}

