# JRE version: OpenJDK Runtime Environment Temurin-21.0.10+7 (21.0.10+7) (build 21.0.10+7-LTS)
# Java VM: OpenJDK 64-Bit Server VM Temurin-21.0.10+7 (21.0.10+7-LTS, mixed mode, sharing, tiered, compressed oops, compressed class ptrs, parallel gc, windows-amd64)
GC Precious Log:
 CardTable entry size: 512
 CPUs: 2 total, 2 available
 Memory: 3460M
 Large Page Support: Disabled
 NUMA Support: Disabled
 Compressed Oops: Enabled (32-bit)
 Alignments: Space 512K, Generation 512K, Heap 2M
 Heap Min Capacity: 100M
 Heap Initial Capacity: 100M
 Heap Max Capacity: 2G
 Pre-touch: Disabled
 Parallel Workers: 2
Heap:
 PSYoungGen      total 3072K, used 2086K [0x00000000d5580000, 0x00000000d5980000, 0x0000000100000000)
  eden space 2560K, 72% used [0x00000000d5580000,0x00000000d57518f0,0x00000000d5800000)
  from space 512K, 43% used [0x00000000d5900000,0x00000000d5938000,0x00000000d5980000)
  to   space 512K, 0% used [0x00000000d5880000,0x00000000d5880000,0x00000000d5900000)
 ParOldGen       total 1225216K, used 1225031K [0x0000000080000000, 0x00000000cac80000, 0x00000000d5580000)
  object space 1225216K, 99% used [0x0000000080000000,0x00000000cac51f68,0x00000000cac80000)
 Metaspace       used 84374K, committed 86336K, reserved 1179648K
  class space    used 8538K, committed 9408K, reserved 1048576K
GC Heap History (20 events):
Event: 793.519 GC heap before
{Heap before GC invocations=1647 (full 4):
 PSYoungGen      total 2560K, used 2560K [0x00000000d5580000, 0x00000000d6480000, 0x0000000100000000)
  eden space 512K, 100% used [0x00000000d5580000,0x00000000d5600000,0x00000000d5600000)
  from space 2048K, 100% used [0x00000000d5b80000,0x00000000d5d80000,0x00000000d5d80000)
  to   space 5632K, 0% used [0x00000000d5600000,0x00000000d5600000,0x00000000d5b80000)
 ParOldGen       total 1219072K, used 1218995K [0x0000000080000000, 0x00000000ca680000, 0x00000000d5580000)
  object space 1219072K, 99% used [0x0000000080000000,0x00000000ca66cd68,0x00000000ca680000)
 Metaspace       used 84356K, committed 86336K, reserved 1179648K
  class space    used 8538K, committed 9408K, reserved 1048576K
}
Event: 793.527 GC heap after
{Heap after GC invocations=1647 (full 4):
 PSYoungGen      total 1024K, used 480K [0x00000000d5580000, 0x00000000d5c00000, 0x0000000100000000)
  eden space 512K, 0% used [0x00000000d5580000,0x00000000d5580000,0x00000000d5600000)
  from space 512K, 93% used [0x00000000d5600000,0x00000000d5678000,0x00000000d5680000)
  to   space 2048K, 0% used [0x00000000d5a00000,0x00000000d5a00000,0x00000000d5c00000)
 ParOldGen       total 1221120K, used 1221059K [0x0000000080000000, 0x00000000ca880000, 0x00000000d5580000)
  object space 1221120K, 99% used [0x0000000080000000,0x00000000ca870d68,0x00000000ca880000)
 Metaspace       used 84356K, committed 86336K, reserved 1179648K
  class space    used 8538K, committed 9408K, reserved 1048576K
}
Event: 793.544 GC heap before
{Heap before GC invocations=1648 (full 4):
 PSYoungGen      total 1024K, used 992K [0x00000000d5580000, 0x00000000d5c00000, 0x0000000100000000)
  eden space 512K, 100% used [0x00000000d5580000,0x00000000d5600000,0x00000000d5600000)
  from space 512K, 93% used [0x00000000d5600000,0x00000000d5678000,0x00000000d5680000)
  to   space 2048K, 0% used [0x00000000d5a00000,0x00000000d5a00000,0x00000000d5c00000)
 ParOldGen       total 1221120K, used 1221059K [0x0000000080000000, 0x00000000ca880000, 0x00000000d5580000)
  object space 1221120K, 99% used [0x0000000080000000,0x00000000ca870d68,0x00000000ca880000)
 Metaspace       used 84356K, committed 86336K, reserved 1179648K
  class space    used 8538K, committed 9408K, reserved 1048576K
}
Event: 793.550 GC heap after
{Heap after GC invocations=1648 (full 4):
 PSYoungGen      total 1536K, used 512K [0x00000000d5580000, 0x00000000d5a80000, 0x0000000100000000)
  eden space 1024K, 0% used [0x00000000d5580000,0x00000000d5580000,0x00000000d5680000)
  from space 512K, 100% used [0x00000000d5a00000,0x00000000d5a80000,0x00000000d5a80000)
  to   space 1024K, 0% used [0x00000000d5880000,0x00000000d5880000,0x00000000d5980000)
 ParOldGen       total 1221632K, used 1221531K [0x0000000080000000, 0x00000000ca900000, 0x00000000d5580000)
  object space 1221632K, 99% used [0x0000000080000000,0x00000000ca8e6d68,0x00000000ca900000)
 Metaspace       used 84356K, committed 86336K, reserved 1179648K
  class space    used 8538K, committed 9408K, reserved 1048576K
}
Event: 793.557 GC heap before
{Heap before GC invocations=1649 (full 4):
 PSYoungGen      total 1536K, used 1536K [0x00000000d5580000, 0x00000000d5a80000, 0x0000000100000000)
  eden space 1024K, 100% used [0x00000000d5580000,0x00000000d5680000,0x00000000d5680000)
  from space 512K, 100% used [0x00000000d5a00000,0x00000000d5a80000,0x00000000d5a80000)
  to   space 1024K, 0% used [0x00000000d5880000,0x00000000d5880000,0x00000000d5980000)
 ParOldGen       total 1221632K, used 1221531K [0x0000000080000000, 0x00000000ca900000, 0x00000000d5580000)
  object space 1221632K, 99% used [0x0000000080000000,0x00000000ca8e6d68,0x00000000ca900000)
 Metaspace       used 84356K, committed 86336K, reserved 1179648K
  class space    used 8538K, committed 9408K, reserved 1048576K
}
Event: 793.561 GC heap after
{Heap after GC invocations=1649 (full 4):
 PSYoungGen      total 2560K, used 992K [0x00000000d5580000, 0x00000000d5a80000, 0x0000000100000000)
  eden space 1536K, 0% used [0x00000000d5580000,0x00000000d5580000,0x00000000d5700000)
  from space 1024K, 96% used [0x00000000d5880000,0x00000000d5978000,0x00000000d5980000)
  to   space 1024K, 0% used [0x00000000d5980000,0x00000000d5980000,0x00000000d5a80000)
 ParOldGen       total 1222144K, used 1222019K [0x0000000080000000, 0x00000000ca980000, 0x00000000d5580000)
  object space 1222144K, 99% used [0x0000000080000000,0x00000000ca960d68,0x00000000ca980000)
 Metaspace       used 84356K, committed 86336K, reserved 1179648K
  class space    used 8538K, committed 9408K, reserved 1048576K
}
Event: 793.788 GC heap before
{Heap before GC invocations=1650 (full 4):
 PSYoungGen      total 2560K, used 2528K [0x00000000d5580000, 0x00000000d5a80000, 0x0000000100000000)
  eden space 1536K, 100% used [0x00000000d5580000,0x00000000d5700000,0x00000000d5700000)
  from space 1024K, 96% used [0x00000000d5880000,0x00000000d5978000,0x00000000d5980000)
  to   space 1024K, 0% used [0x00000000d5980000,0x00000000d5980000,0x00000000d5a80000)
 ParOldGen       total 1222144K, used 1222019K [0x0000000080000000, 0x00000000ca980000, 0x00000000d5580000)
  object space 1222144K, 99% used [0x0000000080000000,0x00000000ca960d68,0x00000000ca980000)
 Metaspace       used 84357K, committed 86336K, reserved 1179648K
  class space    used 8538K, committed 9408K, reserved 1048576K
}
Event: 793.837 GC heap after
{Heap after GC invocations=1650 (full 4):
 PSYoungGen      total 2048K, used 1012K [0x00000000d5580000, 0x00000000d5d80000, 0x0000000100000000)
  eden space 1024K, 0% used [0x00000000d5580000,0x00000000d5580000,0x00000000d5680000)
  from space 1024K, 98% used [0x00000000d5980000,0x00000000d5a7d200,0x00000000d5a80000)
  to   space 3072K, 0% used [0x00000000d5680000,0x00000000d5680000,0x00000000d5980000)
 ParOldGen       total 1223680K, used 1223355K [0x0000000080000000, 0x00000000cab00000, 0x00000000d5580000)
  object space 1223680K, 99% used [0x0000000080000000,0x00000000caaaed68,0x00000000cab00000)
 Metaspace       used 84357K, committed 86336K, reserved 1179648K
  class space    used 8538K, committed 9408K, reserved 1048576K
}
Event: 794.057 GC heap before
{Heap before GC invocations=1651 (full 4):
 PSYoungGen      total 2048K, used 2036K [0x00000000d5580000, 0x00000000d5d80000, 0x0000000100000000)
  eden space 1024K, 100% used [0x00000000d5580000,0x00000000d5680000,0x00000000d5680000)
  from space 1024K, 98% used [0x00000000d5980000,0x00000000d5a7d200,0x00000000d5a80000)
  to   space 3072K, 0% used [0x00000000d5680000,0x00000000d5680000,0x00000000d5980000)
 ParOldGen       total 1223680K, used 1223355K [0x0000000080000000, 0x00000000cab00000, 0x00000000d5580000)
  object space 1223680K, 99% used [0x0000000080000000,0x00000000caaaed68,0x00000000cab00000)
 Metaspace       used 84358K, committed 86336K, reserved 1179648K
  class space    used 8538K, committed 9408K, reserved 1048576K
}
Event: 794.104 GC heap after
{Heap after GC invocations=1651 (full 4):
 PSYoungGen      total 1536K, used 192K [0x00000000d5580000, 0x00000000d5a00000, 0x0000000100000000)
  eden space 1024K, 0% used [0x00000000d5580000,0x00000000d5580000,0x00000000d5680000)
  from space 512K, 37% used [0x00000000d5680000,0x00000000d56b0000,0x00000000d5700000)
  to   space 1024K, 0% used [0x00000000d5900000,0x00000000d5900000,0x00000000d5a00000)
 ParOldGen       total 1224704K, used 1224271K [0x0000000080000000, 0x00000000cac00000, 0x00000000d5580000)
  object space 1224704K, 99% used [0x0000000080000000,0x00000000cab93f68,0x00000000cac00000)
 Metaspace       used 84358K, committed 86336K, reserved 1179648K
  class space    used 8538K, committed 9408K, reserved 1048576K
}
Event: 794.170 GC heap before
{Heap before GC invocations=1652 (full 4):
 PSYoungGen      total 1536K, used 1215K [0x00000000d5580000, 0x00000000d5a00000, 0x0000000100000000)
  eden space 1024K, 99% used [0x00000000d5580000,0x00000000d567fff0,0x00000000d5680000)
  from space 512K, 37% used [0x00000000d5680000,0x00000000d56b0000,0x00000000d5700000)
  to   space 1024K, 0% used [0x00000000d5900000,0x00000000d5900000,0x00000000d5a00000)
 ParOldGen       total 1224704K, used 1224271K [0x0000000080000000, 0x00000000cac00000, 0x00000000d5580000)
  object space 1224704K, 99% used [0x0000000080000000,0x00000000cab93f68,0x00000000cac00000)
 Metaspace       used 84360K, committed 86336K, reserved 1179648K
  class space    used 8538K, committed 9408K, reserved 1048576K
}
Event: 794.175 GC heap after
{Heap after GC invocations=1652 (full 4):
 PSYoungGen      total 1536K, used 256K [0x00000000d5580000, 0x00000000d5980000, 0x0000000100000000)
  eden space 1024K, 0% used [0x00000000d5580000,0x00000000d5580000,0x00000000d5680000)
  from space 512K, 50% used [0x00000000d5900000,0x00000000d5940000,0x00000000d5980000)
  to   space 512K, 0% used [0x00000000d5680000,0x00000000d5680000,0x00000000d5700000)
 ParOldGen       total 1224704K, used 1224455K [0x0000000080000000, 0x00000000cac00000, 0x00000000d5580000)
  object space 1224704K, 99% used [0x0000000080000000,0x00000000cabc1f68,0x00000000cac00000)
 Metaspace       used 84360K, committed 86336K, reserved 1179648K
  class space    used 8538K, committed 9408K, reserved 1048576K
}
Event: 794.176 GC heap before
{Heap before GC invocations=1653 (full 4):
 PSYoungGen      total 1536K, used 1279K [0x00000000d5580000, 0x00000000d5980000, 0x0000000100000000)
  eden space 1024K, 99% used [0x00000000d5580000,0x00000000d567fff0,0x00000000d5680000)
  from space 512K, 50% used [0x00000000d5900000,0x00000000d5940000,0x00000000d5980000)
  to   space 512K, 0% used [0x00000000d5680000,0x00000000d5680000,0x00000000d5700000)
 ParOldGen       total 1224704K, used 1224455K [0x0000000080000000, 0x00000000cac00000, 0x00000000d5580000)
  object space 1224704K, 99% used [0x0000000080000000,0x00000000cabc1f68,0x00000000cac00000)
 Metaspace       used 84360K, committed 86336K, reserved 1179648K
  class space    used 8538K, committed 9408K, reserved 1048576K
}
Event: 794.180 GC heap after
{Heap after GC invocations=1653 (full 4):
 PSYoungGen      total 1536K, used 64K [0x00000000d5580000, 0x00000000d5980000, 0x0000000100000000)
  eden space 1024K, 0% used [0x00000000d5580000,0x00000000d5580000,0x00000000d5680000)
  from space 512K, 12% used [0x00000000d5680000,0x00000000d5690000,0x00000000d5700000)
  to   space 512K, 0% used [0x00000000d5900000,0x00000000d5900000,0x00000000d5980000)
 ParOldGen       total 1224704K, used 1224695K [0x0000000080000000, 0x00000000cac00000, 0x00000000d5580000)
  object space 1224704K, 99% used [0x0000000080000000,0x00000000cabfdf68,0x00000000cac00000)
 Metaspace       used 84360K, committed 86336K, reserved 1179648K
  class space    used 8538K, committed 9408K, reserved 1048576K
}
Event: 794.197 GC heap before
{Heap before GC invocations=1654 (full 4):
 PSYoungGen      total 1536K, used 1088K [0x00000000d5580000, 0x00000000d5980000, 0x0000000100000000)
  eden space 1024K, 100% used [0x00000000d5580000,0x00000000d5680000,0x00000000d5680000)
  from space 512K, 12% used [0x00000000d5680000,0x00000000d5690000,0x00000000d5700000)
  to   space 512K, 0% used [0x00000000d5900000,0x00000000d5900000,0x00000000d5980000)
 ParOldGen       total 1224704K, used 1224695K [0x0000000080000000, 0x00000000cac00000, 0x00000000d5580000)
  object space 1224704K, 99% used [0x0000000080000000,0x00000000cabfdf68,0x00000000cac00000)
 Metaspace       used 84361K, committed 86336K, reserved 1179648K
  class space    used 8538K, committed 9408K, reserved 1048576K
}
Event: 794.213 GC heap after
{Heap after GC invocations=1654 (full 4):
 PSYoungGen      total 2048K, used 192K [0x00000000d5580000, 0x00000000d5980000, 0x0000000100000000)
  eden space 1536K, 0% used [0x00000000d5580000,0x00000000d5580000,0x00000000d5700000)
  from space 512K, 37% used [0x00000000d5900000,0x00000000d5930000,0x00000000d5980000)
  to   space 512K, 0% used [0x00000000d5880000,0x00000000d5880000,0x00000000d5900000)
 ParOldGen       total 1225216K, used 1224719K [0x0000000080000000, 0x00000000cac80000, 0x00000000d5580000)
  object space 1225216K, 99% used [0x0000000080000000,0x00000000cac03f68,0x00000000cac80000)
 Metaspace       used 84361K, committed 86336K, reserved 1179648K
  class space    used 8538K, committed 9408K, reserved 1048576K
}
Event: 794.241 GC heap before
{Heap before GC invocations=1655 (full 4):
 PSYoungGen      total 2048K, used 1728K [0x00000000d5580000, 0x00000000d5980000, 0x0000000100000000)
  eden space 1536K, 100% used [0x00000000d5580000,0x00000000d5700000,0x00000000d5700000)
  from space 512K, 37% used [0x00000000d5900000,0x00000000d5930000,0x00000000d5980000)
  to   space 512K, 0% used [0x00000000d5880000,0x00000000d5880000,0x00000000d5900000)
 ParOldGen       total 1225216K, used 1224719K [0x0000000080000000, 0x00000000cac80000, 0x00000000d5580000)
  object space 1225216K, 99% used [0x0000000080000000,0x00000000cac03f68,0x00000000cac80000)
 Metaspace       used 84362K, committed 86336K, reserved 1179648K
  class space    used 8538K, committed 9408K, reserved 1048576K
}
Event: 794.252 GC heap after
{Heap after GC invocations=1655 (full 4):
 PSYoungGen      total 2560K, used 192K [0x00000000d5580000, 0x00000000d5980000, 0x0000000100000000)
  eden space 2048K, 0% used [0x00000000d5580000,0x00000000d5580000,0x00000000d5780000)
  from space 512K, 37% used [0x00000000d5880000,0x00000000d58b0000,0x00000000d5900000)
  to   space 512K, 0% used [0x00000000d5900000,0x00000000d5900000,0x00000000d5980000)
 ParOldGen       total 1225216K, used 1224871K [0x0000000080000000, 0x00000000cac80000, 0x00000000d5580000)
  object space 1225216K, 99% used [0x0000000080000000,0x00000000cac29f68,0x00000000cac80000)
 Metaspace       used 84362K, committed 86336K, reserved 1179648K
  class space    used 8538K, committed 9408K, reserved 1048576K
}
Event: 794.471 GC heap before
{Heap before GC invocations=1656 (full 4):
 PSYoungGen      total 2560K, used 2240K [0x00000000d5580000, 0x00000000d5980000, 0x0000000100000000)
  eden space 2048K, 100% used [0x00000000d5580000,0x00000000d5780000,0x00000000d5780000)
  from space 512K, 37% used [0x00000000d5880000,0x00000000d58b0000,0x00000000d5900000)
  to   space 512K, 0% used [0x00000000d5900000,0x00000000d5900000,0x00000000d5980000)
 ParOldGen       total 1225216K, used 1224871K [0x0000000080000000, 0x00000000cac80000, 0x00000000d5580000)
  object space 1225216K, 99% used [0x0000000080000000,0x00000000cac29f68,0x00000000cac80000)
 Metaspace       used 84362K, committed 86336K, reserved 1179648K
  class space    used 8538K, committed 9408K, reserved 1048576K
}
Event: 794.530 GC heap after
{Heap after GC invocations=1656 (full 4):
 PSYoungGen      total 3072K, used 224K [0x00000000d5580000, 0x00000000d5980000, 0x0000000100000000)
  eden space 2560K, 0% used [0x00000000d5580000,0x00000000d5580000,0x00000000d5800000)
  from space 512K, 43% used [0x00000000d5900000,0x00000000d5938000,0x00000000d5980000)
  to   space 512K, 0% used [0x00000000d5880000,0x00000000d5880000,0x00000000d5900000)
 ParOldGen       total 1225216K, used 1225031K [0x0000000080000000, 0x00000000cac80000, 0x00000000d5580000)
  object space 1225216K, 99% used [0x0000000080000000,0x00000000cac51f68,0x00000000cac80000)
 Metaspace       used 84362K, committed 86336K, reserved 1179648K
  class space    used 8538K, committed 9408K, reserved 1048576K
}

